[12568:19716:0516/153748.068:WARNING:chrome_main_delegate.cc(745)] This is Chrome version 128.0.6613.138 (not a warning)
[12568:24436:0516/153748.148:ERROR:google_update_settings.cc(265)] Failed opening key Software\Chromium to set usagestats; result: 5
[12568:19716:0516/153748.195:WARNING:account_consistency_mode_manager.cc(77)] Desktop Identity Consistency cannot be enabled as no OAuth client ID and client secret have been configured.
[12568:19716:0516/153753.698:ERROR:device_event_log_impl.cc(196)] [15:37:53.364] USB: usb_service_win.cc:105 SetupDiGetDeviceProperty({{A45C254E-DF1C-4EFD-8020-67D146A850E0}, 6}) failed: Element not found. (0x490)
[23868:23860:0516/153754.029:WARNING:frame_impl.cc(430)] virtual CefFrameImpl::SendProcessMessage sent to detached frame 5-FFAECEF44D1014742EA16E4FDF6D2936 will be ignored
[12568:24428:0516/153755.011:ERROR:cast_crl.cc(443)] CRL - Verification failed.
[12568:24428:0516/153755.705:WARNING:browser_info.cc(345)] Returning a speculative frame for [8,9]
[12568:19716:0516/153756.031:WARNING:browser_info.cc(345)] Returning a speculative frame for [10,9]
[12568:19716:0516/153756.032:WARNING:browser_info.cc(345)] Returning a speculative frame for [10,9]
[12568:19716:0516/153756.032:WARNING:browser_info.cc(345)] Returning a speculative frame for [10,9]
[12568:19716:0516/153756.032:WARNING:browser_info.cc(345)] Returning a speculative frame for [10,9]
[12568:24428:0516/153756.039:WARNING:browser_info.cc(345)] Returning a speculative frame for [10,9]
[24988:24688:0516/153804.040:WARNING:codec.cc(525)] Explicitly added H264 constrained baseline to list of supported formats.
[24988:24688:0516/153804.144:WARNING:codec.cc(525)] Explicitly added H264 constrained baseline to list of supported formats.
[24988:23860:0516/153804.183:WARNING:codec.cc(525)] Explicitly added H264 constrained baseline to list of supported formats.
[24988:23860:0516/153804.184:WARNING:codec.cc(525)] Explicitly added H264 constrained baseline to list of supported formats.
[24988:23860:0516/153804.185:WARNING:codec.cc(525)] Explicitly added H264 constrained baseline to list of supported formats.
[24512:17732:0516/153804.393:WARNING:host_resolver_dns_task.cc(863)] Address list empty after RFC3484 sort
[24512:17732:0516/153804.406:ERROR:socket_manager.cc(147)] Failed to resolve address for stun.cloudflare.com., errorcode: -105
[24512:17732:0516/153804.406:ERROR:socket_manager.cc(147)] Failed to resolve address for stun.cloudflare.com., errorcode: -105
[24512:17732:0516/153804.406:ERROR:socket_manager.cc(147)] Failed to resolve address for stun.cloudflare.com., errorcode: -105
[24988:23860:0516/153804.406:WARNING:stun_port.cc(442)] Port[5057000:0:1:0:host:Net[any:0:0:0:x:x:x:x:x/0:Wildcard:id=0]]: StunPort: stun host lookup received error -1
[24988:23860:0516/153804.407:WARNING:stun_port.cc(442)] Port[5057800:1:1:0:host:Net[any:0:0:0:x:x:x:x:x/0:Wildcard:id=0]]: StunPort: stun host lookup received error -1
[24988:23860:0516/153804.407:WARNING:stun_port.cc(442)] Port[615c800:2:1:0:host:Net[any:0:0:0:x:x:x:x:x/0:Wildcard:id=0]]: StunPort: stun host lookup received error -1
[12568:19716:0516/175853.030:WARNING:pref_notifier_impl.cc(41)] Pref observer for media_router.cast_allow_all_ips found at shutdown.
