[19184:19152:0508/115426.655:WARNING:chrome_main_delegate.cc(745)] This is Chrome version 128.0.6613.138 (not a warning)
[19184:16200:0508/115427.640:ERROR:google_update_settings.cc(265)] Failed opening key Software\Chromium to set usagestats; result: 5
[19184:19152:0508/115428.008:WARNING:account_consistency_mode_manager.cc(77)] Desktop Identity Consistency cannot be enabled as no OAuth client ID and client secret have been configured.
[19184:19152:0508/115434.633:ERROR:device_event_log_impl.cc(196)] [11:54:34.576] USB: usb_service_win.cc:105 SetupDiGetDeviceProperty({{A45C254E-DF1C-4EFD-8020-67D146A850E0}, 6}) failed: Element not found. (0x490)
[19184:14140:0508/115437.712:ERROR:cast_crl.cc(443)] CRL - Verification failed.
[14796:12752:0508/131154.179:VERBOSE1:network_delegate.cc(36)] NetworkDelegate::NotifyBeforeURLRequest: https://optimizationguide-pa.googleapis.com/v1:GetModels?key=dummytoken
[14796:12752:0508/131154.203:VERBOSE1:tls_handshaker.cc(105)] TlsClient: Continuing handshake
[14796:12752:0508/131154.204:VERBOSE1:tls_handshaker.cc(126)] TlsClient: SSL_do_handshake returned when entering early data. After retry, rv=-1, SSL_in_early_data=1
[14796:12752:0508/131154.259:VERBOSE1:tls_handshaker.cc(105)] TlsClient: Continuing handshake
[14796:12752:0508/131154.259:VERBOSE1:tls_handshaker.cc(105)] TlsClient: Continuing handshake
[14796:12752:0508/131154.259:VERBOSE1:tls_client_handshaker.cc(528)] Client: handshake finished
[14796:12752:0508/131429.127:VERBOSE1:network_delegate.cc(36)] NetworkDelegate::NotifyBeforeURLRequest: https://optimizationguide-pa.googleapis.com/v1:GetModels?key=dummytoken
[14796:12752:0508/131429.146:VERBOSE1:tls_handshaker.cc(105)] TlsClient: Continuing handshake
[14796:12752:0508/131429.146:VERBOSE1:tls_handshaker.cc(126)] TlsClient: SSL_do_handshake returned when entering early data. After retry, rv=-1, SSL_in_early_data=1
[14796:12752:0508/131429.205:VERBOSE1:tls_handshaker.cc(105)] TlsClient: Continuing handshake
[14796:12752:0508/131429.205:VERBOSE1:tls_handshaker.cc(105)] TlsClient: Continuing handshake
[14796:12752:0508/131429.205:VERBOSE1:tls_client_handshaker.cc(528)] Client: handshake finished
[14796:12752:0508/131659.827:VERBOSE1:network_delegate.cc(36)] NetworkDelegate::NotifyBeforeURLRequest: https://optimizationguide-pa.googleapis.com/v1:GetModels?key=dummytoken
[14796:12752:0508/131659.844:VERBOSE1:tls_handshaker.cc(105)] TlsClient: Continuing handshake
[14796:12752:0508/131659.845:VERBOSE1:tls_handshaker.cc(126)] TlsClient: SSL_do_handshake returned when entering early data. After retry, rv=-1, SSL_in_early_data=1
[14796:12752:0508/131659.897:VERBOSE1:tls_handshaker.cc(105)] TlsClient: Continuing handshake
[14796:12752:0508/131659.897:VERBOSE1:tls_handshaker.cc(105)] TlsClient: Continuing handshake
[14796:12752:0508/131659.897:VERBOSE1:tls_client_handshaker.cc(528)] Client: handshake finished
[14796:12752:0508/131945.654:VERBOSE1:network_delegate.cc(36)] NetworkDelegate::NotifyBeforeURLRequest: https://optimizationguide-pa.googleapis.com/v1:GetModels?key=dummytoken
[14796:12752:0508/131945.678:VERBOSE1:tls_handshaker.cc(105)] TlsClient: Continuing handshake
[14796:12752:0508/131945.679:VERBOSE1:tls_handshaker.cc(126)] TlsClient: SSL_do_handshake returned when entering early data. After retry, rv=-1, SSL_in_early_data=1
[14796:12752:0508/131945.733:VERBOSE1:tls_handshaker.cc(105)] TlsClient: Continuing handshake
[14796:12752:0508/131945.734:VERBOSE1:tls_handshaker.cc(105)] TlsClient: Continuing handshake
[14796:12752:0508/131945.734:VERBOSE1:tls_client_handshaker.cc(528)] Client: handshake finished
[14796:12752:0508/132227.528:VERBOSE1:network_delegate.cc(36)] NetworkDelegate::NotifyBeforeURLRequest: https://optimizationguide-pa.googleapis.com/v1:GetModels?key=dummytoken
[14796:12752:0508/132227.553:VERBOSE1:tls_handshaker.cc(105)] TlsClient: Continuing handshake
[14796:12752:0508/132227.554:VERBOSE1:tls_handshaker.cc(126)] TlsClient: SSL_do_handshake returned when entering early data. After retry, rv=-1, SSL_in_early_data=1
[14796:12752:0508/132227.609:VERBOSE1:tls_handshaker.cc(105)] TlsClient: Continuing handshake
[14796:12752:0508/132227.609:VERBOSE1:tls_handshaker.cc(105)] TlsClient: Continuing handshake
[14796:12752:0508/132227.609:VERBOSE1:tls_client_handshaker.cc(528)] Client: handshake finished
[14796:12752:0508/132502.215:VERBOSE1:network_delegate.cc(36)] NetworkDelegate::NotifyBeforeURLRequest: https://optimizationguide-pa.googleapis.com/v1:GetModels?key=dummytoken
[14796:12752:0508/132502.216:VERBOSE1:tls_handshaker.cc(105)] TlsClient: Continuing handshake
[14796:12752:0508/132502.216:VERBOSE1:tls_handshaker.cc(126)] TlsClient: SSL_do_handshake returned when entering early data. After retry, rv=-1, SSL_in_early_data=1
[14796:12752:0508/132502.273:VERBOSE1:tls_handshaker.cc(105)] TlsClient: Continuing handshake
[14796:12752:0508/132502.273:VERBOSE1:tls_handshaker.cc(105)] TlsClient: Continuing handshake
[14796:12752:0508/132502.273:VERBOSE1:tls_client_handshaker.cc(528)] Client: handshake finished
[14796:12752:0508/132751.759:VERBOSE1:network_delegate.cc(36)] NetworkDelegate::NotifyBeforeURLRequest: https://optimizationguide-pa.googleapis.com/v1:GetModels?key=dummytoken
[14796:12752:0508/132751.782:VERBOSE1:tls_handshaker.cc(105)] TlsClient: Continuing handshake
[14796:12752:0508/132751.796:VERBOSE1:tls_handshaker.cc(105)] TlsClient: Continuing handshake
[14796:12752:0508/132751.796:VERBOSE1:tls_handshaker.cc(126)] TlsClient: SSL_do_handshake returned when entering early data. After retry, rv=-1, SSL_in_early_data=1
[14796:12752:0508/132751.836:VERBOSE1:tls_handshaker.cc(105)] TlsClient: Continuing handshake
[14796:12752:0508/132751.836:VERBOSE1:tls_handshaker.cc(105)] TlsClient: Continuing handshake
[14796:12752:0508/132751.836:VERBOSE1:tls_client_handshaker.cc(528)] Client: handshake finished
[19184:19152:0508/132811.118:VERBOSE1:device_event_log_impl.cc(198)] [13:28:11.118] Display: EVENT: screen_win.cc:893 Displays updated, count: 2
[19184:19152:0508/132811.118:VERBOSE1:device_event_log_impl.cc(198)] [13:28:11.118] Display: EVENT: screen_win.cc:895 Display[2732864525] bounds=[0,0 1920x1080], workarea=[0,0 1920x1032], scale=1, rotation=0, panel_rotation=0 external detected
[19184:19152:0508/132811.118:VERBOSE1:device_event_log_impl.cc(198)] [13:28:11.118] Display: EVENT: screen_win.cc:895 Display[2925533759] bounds=[1920,0 1920x1080], workarea=[1920,0 1920x1032], scale=1, rotation=0, panel_rotation=0 external detected
[14796:12752:0508/133145.608:VERBOSE1:network_delegate.cc(36)] NetworkDelegate::NotifyBeforeURLRequest: https://optimizationguide-pa.googleapis.com/v1:GetModels?key=dummytoken
[14796:12752:0508/133145.608:VERBOSE1:tls_handshaker.cc(105)] TlsClient: Continuing handshake
[14796:12752:0508/133145.609:VERBOSE1:tls_handshaker.cc(126)] TlsClient: SSL_do_handshake returned when entering early data. After retry, rv=-1, SSL_in_early_data=1
[14796:12752:0508/133145.663:VERBOSE1:tls_handshaker.cc(105)] TlsClient: Continuing handshake
[14796:12752:0508/133145.663:VERBOSE1:tls_handshaker.cc(105)] TlsClient: Continuing handshake
[14796:12752:0508/133145.663:VERBOSE1:tls_client_handshaker.cc(528)] Client: handshake finished
[14796:12752:0508/133441.557:VERBOSE1:network_delegate.cc(36)] NetworkDelegate::NotifyBeforeURLRequest: https://optimizationguide-pa.googleapis.com/v1:GetModels?key=dummytoken
[14796:12752:0508/133441.584:VERBOSE1:tls_handshaker.cc(105)] TlsClient: Continuing handshake
[14796:12752:0508/133441.584:VERBOSE1:tls_handshaker.cc(126)] TlsClient: SSL_do_handshake returned when entering early data. After retry, rv=-1, SSL_in_early_data=1
[14796:12752:0508/133441.641:VERBOSE1:tls_handshaker.cc(105)] TlsClient: Continuing handshake
[14796:12752:0508/133441.641:VERBOSE1:tls_handshaker.cc(105)] TlsClient: Continuing handshake
[14796:12752:0508/133441.641:VERBOSE1:tls_client_handshaker.cc(528)] Client: handshake finished
[19184:19152:0508/133557.690:VERBOSE1:device_event_log_impl.cc(198)] [13:35:57.690] Display: EVENT: screen_win.cc:893 Displays updated, count: 2
[19184:19152:0508/133557.690:VERBOSE1:device_event_log_impl.cc(198)] [13:35:57.690] Display: EVENT: screen_win.cc:895 Display[2732864525] bounds=[0,0 1920x1080], workarea=[0,0 1920x1032], scale=1, rotation=0, panel_rotation=0 external detected
[19184:19152:0508/133557.690:VERBOSE1:device_event_log_impl.cc(198)] [13:35:57.690] Display: EVENT: screen_win.cc:895 Display[2925533759] bounds=[1920,0 1920x1080], workarea=[1920,0 1920x1032], scale=1, rotation=0, panel_rotation=0 external detected
[14796:12752:0508/133722.838:VERBOSE1:network_delegate.cc(36)] NetworkDelegate::NotifyBeforeURLRequest: https://optimizationguide-pa.googleapis.com/v1:GetModels?key=dummytoken
[14796:12752:0508/133722.861:VERBOSE1:tls_handshaker.cc(105)] TlsClient: Continuing handshake
[14796:12752:0508/133722.861:VERBOSE1:tls_handshaker.cc(126)] TlsClient: SSL_do_handshake returned when entering early data. After retry, rv=-1, SSL_in_early_data=1
[14796:12752:0508/133722.918:VERBOSE1:tls_handshaker.cc(105)] TlsClient: Continuing handshake
[14796:12752:0508/133722.919:VERBOSE1:tls_handshaker.cc(105)] TlsClient: Continuing handshake
[14796:12752:0508/133722.919:VERBOSE1:tls_client_handshaker.cc(528)] Client: handshake finished
[14796:12752:0508/134001.842:VERBOSE1:network_delegate.cc(36)] NetworkDelegate::NotifyBeforeURLRequest: https://optimizationguide-pa.googleapis.com/v1:GetModels?key=dummytoken
[14796:12752:0508/134001.865:VERBOSE1:tls_handshaker.cc(105)] TlsClient: Continuing handshake
[14796:12752:0508/134001.865:VERBOSE1:tls_handshaker.cc(126)] TlsClient: SSL_do_handshake returned when entering early data. After retry, rv=-1, SSL_in_early_data=1
[14796:12752:0508/134001.921:VERBOSE1:tls_handshaker.cc(105)] TlsClient: Continuing handshake
[14796:12752:0508/134001.922:VERBOSE1:tls_handshaker.cc(105)] TlsClient: Continuing handshake
[14796:12752:0508/134001.922:VERBOSE1:tls_client_handshaker.cc(528)] Client: handshake finished
[19184:14140:0508/134037.347:VERBOSE1:media_stream_manager.cc(1533)] MSPL::OnSpeedLimitChange({this=00002C54000BED40}, {new_limit=82})
[19184:14140:0508/134044.356:VERBOSE1:media_stream_manager.cc(1533)] MSPL::OnSpeedLimitChange({this=00002C54000BED40}, {new_limit=83})
[19184:14140:0508/134047.363:VERBOSE1:media_stream_manager.cc(1533)] MSPL::OnSpeedLimitChange({this=00002C54000BED40}, {new_limit=81})
[19184:14140:0508/134048.364:VERBOSE1:media_stream_manager.cc(1533)] MSPL::OnSpeedLimitChange({this=00002C54000BED40}, {new_limit=82})
[19184:14140:0508/134050.362:VERBOSE1:media_stream_manager.cc(1533)] MSPL::OnSpeedLimitChange({this=00002C54000BED40}, {new_limit=100})
[14796:12752:0508/134257.860:VERBOSE1:network_delegate.cc(36)] NetworkDelegate::NotifyBeforeURLRequest: https://optimizationguide-pa.googleapis.com/v1:GetModels?key=dummytoken
[14796:12752:0508/134257.878:VERBOSE1:tls_handshaker.cc(105)] TlsClient: Continuing handshake
[14796:12752:0508/134257.879:VERBOSE1:tls_handshaker.cc(126)] TlsClient: SSL_do_handshake returned when entering early data. After retry, rv=-1, SSL_in_early_data=1
[14796:12752:0508/134257.936:VERBOSE1:tls_handshaker.cc(105)] TlsClient: Continuing handshake
[14796:12752:0508/134257.937:VERBOSE1:tls_handshaker.cc(105)] TlsClient: Continuing handshake
[14796:12752:0508/134257.937:VERBOSE1:tls_client_handshaker.cc(528)] Client: handshake finished
[19184:19152:0508/134457.381:VERBOSE1:device_event_log_impl.cc(198)] [13:44:57.382] Display: EVENT: screen_win.cc:893 Displays updated, count: 2
[19184:19152:0508/134457.381:VERBOSE1:device_event_log_impl.cc(198)] [13:44:57.382] Display: EVENT: screen_win.cc:895 Display[2732864525] bounds=[0,0 1920x1080], workarea=[0,0 1920x1032], scale=1, rotation=0, panel_rotation=0 external detected
[19184:19152:0508/134457.381:VERBOSE1:device_event_log_impl.cc(198)] [13:44:57.382] Display: EVENT: screen_win.cc:895 Display[2925533759] bounds=[1920,0 1920x1080], workarea=[1920,0 1920x1032], scale=1, rotation=0, panel_rotation=0 external detected
[14796:12752:0508/134537.403:VERBOSE1:network_delegate.cc(36)] NetworkDelegate::NotifyBeforeURLRequest: https://optimizationguide-pa.googleapis.com/v1:GetModels?key=dummytoken
[14796:12752:0508/134537.423:VERBOSE1:tls_handshaker.cc(105)] TlsClient: Continuing handshake
[14796:12752:0508/134537.423:VERBOSE1:tls_handshaker.cc(126)] TlsClient: SSL_do_handshake returned when entering early data. After retry, rv=-1, SSL_in_early_data=1
[14796:12752:0508/134537.477:VERBOSE1:tls_handshaker.cc(105)] TlsClient: Continuing handshake
[14796:12752:0508/134537.477:VERBOSE1:tls_handshaker.cc(105)] TlsClient: Continuing handshake
[14796:12752:0508/134537.477:VERBOSE1:tls_client_handshaker.cc(528)] Client: handshake finished
[19184:14140:0508/134657.608:VERBOSE1:media_stream_manager.cc(1533)] MSPL::OnSpeedLimitChange({this=00002C54000BED40}, {new_limit=85})
[19184:14140:0508/134659.608:VERBOSE1:media_stream_manager.cc(1533)] MSPL::OnSpeedLimitChange({this=00002C54000BED40}, {new_limit=84})
[19184:14140:0508/134702.614:VERBOSE1:media_stream_manager.cc(1533)] MSPL::OnSpeedLimitChange({this=00002C54000BED40}, {new_limit=83})
[19184:14140:0508/134706.614:VERBOSE1:media_stream_manager.cc(1533)] MSPL::OnSpeedLimitChange({this=00002C54000BED40}, {new_limit=84})
[19184:14140:0508/134707.605:VERBOSE1:media_stream_manager.cc(1533)] MSPL::OnSpeedLimitChange({this=00002C54000BED40}, {new_limit=85})
[19184:14140:0508/134708.606:VERBOSE1:media_stream_manager.cc(1533)] MSPL::OnSpeedLimitChange({this=00002C54000BED40}, {new_limit=100})
[14796:12752:0508/134825.478:VERBOSE1:network_delegate.cc(36)] NetworkDelegate::NotifyBeforeURLRequest: https://optimizationguide-pa.googleapis.com/v1:GetModels?key=dummytoken
[14796:12752:0508/134825.500:VERBOSE1:tls_handshaker.cc(105)] TlsClient: Continuing handshake
[14796:12752:0508/134825.501:VERBOSE1:tls_handshaker.cc(126)] TlsClient: SSL_do_handshake returned when entering early data. After retry, rv=-1, SSL_in_early_data=1
[14796:12752:0508/134825.555:VERBOSE1:tls_handshaker.cc(105)] TlsClient: Continuing handshake
[14796:12752:0508/134825.555:VERBOSE1:tls_handshaker.cc(105)] TlsClient: Continuing handshake
[14796:12752:0508/134825.555:VERBOSE1:tls_client_handshaker.cc(528)] Client: handshake finished
[19184:19152:0508/135114.104:VERBOSE1:device_event_log_impl.cc(198)] [13:51:14.103] Display: EVENT: screen_win.cc:893 Displays updated, count: 2
[19184:19152:0508/135114.104:VERBOSE1:device_event_log_impl.cc(198)] [13:51:14.103] Display: EVENT: screen_win.cc:895 Display[2732864525] bounds=[0,0 1920x1080], workarea=[0,0 1920x1032], scale=1, rotation=0, panel_rotation=0 external detected
[19184:19152:0508/135114.104:VERBOSE1:device_event_log_impl.cc(198)] [13:51:14.103] Display: EVENT: screen_win.cc:895 Display[2925533759] bounds=[1920,0 1920x1080], workarea=[1920,0 1920x1032], scale=1, rotation=0, panel_rotation=0 external detected
[19184:19152:0508/135115.221:VERBOSE1:device_event_log_impl.cc(198)] [13:51:15.220] Display: EVENT: screen_win.cc:893 Displays updated, count: 2
[19184:19152:0508/135115.221:VERBOSE1:device_event_log_impl.cc(198)] [13:51:15.220] Display: EVENT: screen_win.cc:895 Display[2732864525] bounds=[0,0 1920x1080], workarea=[0,0 1920x1032], scale=1, rotation=0, panel_rotation=0 external detected
[19184:19152:0508/135115.221:VERBOSE1:device_event_log_impl.cc(198)] [13:51:15.220] Display: EVENT: screen_win.cc:895 Display[2925533759] bounds=[1920,0 1920x1080], workarea=[1920,0 1920x1032], scale=1, rotation=0, panel_rotation=0 external detected
[14796:12752:0508/135137.993:VERBOSE1:network_delegate.cc(36)] NetworkDelegate::NotifyBeforeURLRequest: https://optimizationguide-pa.googleapis.com/v1:GetModels?key=dummytoken
[14796:12752:0508/135138.014:VERBOSE1:tls_handshaker.cc(105)] TlsClient: Continuing handshake
[14796:12752:0508/135138.014:VERBOSE1:tls_handshaker.cc(126)] TlsClient: SSL_do_handshake returned when entering early data. After retry, rv=-1, SSL_in_early_data=1
[14796:12752:0508/135138.071:VERBOSE1:tls_handshaker.cc(105)] TlsClient: Continuing handshake
[14796:12752:0508/135138.071:VERBOSE1:tls_handshaker.cc(105)] TlsClient: Continuing handshake
[14796:12752:0508/135138.072:VERBOSE1:tls_client_handshaker.cc(528)] Client: handshake finished
[19184:19152:0508/135317.502:VERBOSE1:device_event_log_impl.cc(198)] [13:53:17.501] Display: EVENT: screen_win.cc:893 Displays updated, count: 2
[19184:19152:0508/135317.502:VERBOSE1:device_event_log_impl.cc(198)] [13:53:17.501] Display: EVENT: screen_win.cc:895 Display[2732864525] bounds=[0,0 1920x1080], workarea=[0,0 1920x1032], scale=1, rotation=0, panel_rotation=0 external detected
[19184:19152:0508/135317.502:VERBOSE1:device_event_log_impl.cc(198)] [13:53:17.501] Display: EVENT: screen_win.cc:895 Display[2925533759] bounds=[1920,0 1920x1080], workarea=[1920,0 1920x1032], scale=1, rotation=0, panel_rotation=0 external detected
[19184:19152:0508/135318.959:VERBOSE1:device_event_log_impl.cc(198)] [13:53:18.959] Display: EVENT: screen_win.cc:893 Displays updated, count: 2
[19184:19152:0508/135318.959:VERBOSE1:device_event_log_impl.cc(198)] [13:53:18.959] Display: EVENT: screen_win.cc:895 Display[2732864525] bounds=[0,0 1920x1080], workarea=[0,0 1920x1032], scale=1, rotation=0, panel_rotation=0 external detected
[19184:19152:0508/135318.959:VERBOSE1:device_event_log_impl.cc(198)] [13:53:18.959] Display: EVENT: screen_win.cc:895 Display[2925533759] bounds=[1920,0 1920x1080], workarea=[1920,0 1920x1032], scale=1, rotation=0, panel_rotation=0 external detected
[19184:19152:0508/135400.730:VERBOSE1:device_event_log_impl.cc(198)] [13:54:00.731] Display: EVENT: screen_win.cc:893 Displays updated, count: 2
[19184:19152:0508/135400.730:VERBOSE1:device_event_log_impl.cc(198)] [13:54:00.731] Display: EVENT: screen_win.cc:895 Display[2732864525] bounds=[0,0 1920x1080], workarea=[0,0 1920x1032], scale=1, rotation=0, panel_rotation=0 external detected
[19184:19152:0508/135400.730:VERBOSE1:device_event_log_impl.cc(198)] [13:54:00.731] Display: EVENT: screen_win.cc:895 Display[2925533759] bounds=[1920,0 1920x1080], workarea=[1920,0 1920x1032], scale=1, rotation=0, panel_rotation=0 external detected
[19184:14140:0508/135409.882:VERBOSE1:media_stream_manager.cc(1533)] MSPL::OnSpeedLimitChange({this=00002C54000BED40}, {new_limit=81})
[19184:14140:0508/135410.880:VERBOSE1:media_stream_manager.cc(1533)] MSPL::OnSpeedLimitChange({this=00002C54000BED40}, {new_limit=100})
[14796:12752:0508/135432.051:VERBOSE1:network_delegate.cc(36)] NetworkDelegate::NotifyBeforeURLRequest: https://optimizationguide-pa.googleapis.com/v1:GetModels?key=dummytoken
[14796:12752:0508/135432.076:VERBOSE1:tls_handshaker.cc(105)] TlsClient: Continuing handshake
[14796:12752:0508/135432.077:VERBOSE1:tls_handshaker.cc(126)] TlsClient: SSL_do_handshake returned when entering early data. After retry, rv=-1, SSL_in_early_data=1
[14796:12752:0508/135432.137:VERBOSE1:tls_handshaker.cc(105)] TlsClient: Continuing handshake
[14796:12752:0508/135432.137:VERBOSE1:tls_handshaker.cc(105)] TlsClient: Continuing handshake
[14796:12752:0508/135432.137:VERBOSE1:tls_client_handshaker.cc(528)] Client: handshake finished
[14544:19372:0508/135456.628:VERBOSE1:frame_impl.cc(620)] frame 6-283BCF702D72F63624C232F8A104D32D disconnected (reason=RENDER_FRAME_DISCONNECT, current_state=CONNECTION_ACKED)
[14544:19372:0508/135456.628:VERBOSE1:frame_impl.cc(633)] frame 6-283BCF702D72F63624C232F8A104D32D connection retry scheduled
[14544:19372:0508/135456.628:VERBOSE1:frame_impl.cc(620)] frame 6-7861C9D1CCC3BB18588A315878455580 disconnected (reason=RENDER_FRAME_DISCONNECT, current_state=CONNECTION_ACKED)
[14544:19372:0508/135456.628:VERBOSE1:frame_impl.cc(633)] frame 6-7861C9D1CCC3BB18588A315878455580 connection retry scheduled
